2025-06-01 13:21:20,289 - INFO - Servidor TLS iniciado y esperando conexiones...
2025-06-01 13:21:36,112 - INFO - Usuario 'EJEMPLO100' registrado exitosamente.
2025-06-01 13:31:10,163 - INFO - Cliente ha salido del sistema voluntariamente.
2025-06-01 13:31:14,225 - INFO - Servidor TLS iniciado y esperando conexiones...
2025-06-01 13:45:11,217 - WARNING - Contraseña inválida durante registro para usuario 'EJEMPLO200'
2025-06-01 13:45:44,358 - INFO - Cliente desconectado.
2025-06-01 13:45:47,910 - INFO - Servidor TLS iniciado y esperando conexiones...
2025-06-01 13:45:55,036 - WARNING - Contraseña inválida durante registro para usuario 'EJEMPLO200'
2025-06-01 14:13:21,130 - INFO - Usuario 'EJEMPLO100' ha iniciado sesión correctamente.
2025-06-01 14:26:06,915 - WARNING - Intento de login para usuario inexistente 'EJEMPLO300'
2025-06-01 14:26:13,029 - INFO - Cliente ha salido del sistema voluntariamente.
2025-06-01 14:26:15,888 - INFO - Servidor TLS iniciado y esperando conexiones...
2025-06-01 14:26:25,988 - WARNING - Intento de login para usuario inexistente 'EJEMPLO300'
2025-06-01 14:30:24,328 - INFO - Cliente desconectado.
2025-06-01 14:30:28,260 - INFO - Servidor TLS iniciado y esperando conexiones...
2025-06-01 14:44:25,887 - WARNING - Intento de login bloqueado para usuario 'EJEMPLO100'
2025-06-01 14:44:32,020 - INFO - Cliente ha salido del sistema voluntariamente.
2025-06-01 14:44:34,364 - INFO - Servidor TLS iniciado y esperando conexiones...
2025-06-01 14:44:49,582 - WARNING - Intento de login bloqueado para usuario 'EJEMPLO100'
2025-06-01 14:44:56,300 - WARNING - Intento de login bloqueado para usuario 'EJEMPLO100'
2025-06-01 14:45:22,942 - WARNING - Intento de login bloqueado para usuario 'EJEMPLO100'
2025-06-01 14:49:53,378 - INFO - Cliente desconectado.
2025-06-01 14:49:58,274 - INFO - Servidor TLS iniciado y esperando conexiones...
2025-06-01 14:50:00,041 - INFO - Cliente ha salido del sistema voluntariamente.
2025-06-01 15:55:45,841 - INFO - Servidor TLS iniciado y esperando conexiones...
2025-06-01 15:55:53,693 - INFO - Usuario 'EJEMPLO100' ha iniciado sesión correctamente.
2025-06-01 16:14:26,486 - INFO - Usuario 'EJEMPLO100' ha iniciado sesión correctamente.
2025-06-01 16:14:33,380 - WARNING - Usuario 'EJEMPLO100' eliminado del sistema.
2025-06-01 16:14:33,381 - INFO - Cliente desconectado.
2025-06-01 18:25:15,191 - INFO - Servidor TLS iniciado y esperando conexiones...
2025-06-01 18:25:40,170 - INFO - Usuario 'EJEMPLO222' registrado exitosamente.
2025-06-01 18:25:50,887 - INFO - Usuario 'EJEMPLO222' ha iniciado sesión correctamente.
2025-06-01 18:27:38,266 - INFO - Contraseña válida. Actualizando...
2025-06-01 18:27:38,267 - INFO - Contraseña actualizada correctamente para 'EJEMPLO222'
2025-06-01 18:55:50,199 - INFO - Cliente ha salido del sistema voluntariamente.
2025-06-01 19:42:44,284 - INFO - Servidor TLS iniciado y esperando conexiones...
2025-06-01 19:42:54,712 - INFO - Usuario 'EJEMPLO1111' registrado exitosamente.
2025-06-01 19:43:15,319 - INFO - Usuario 'EJEMPLO1111' ha iniciado sesión correctamente.
2025-06-01 19:43:42,276 - INFO - Contraseña válida. Actualizando...
2025-06-01 19:43:42,277 - INFO - Contraseña actualizada correctamente para 'EJEMPLO1111'
2025-06-01 19:44:07,756 - INFO - Usuario 'EJEMPLO1111' ha iniciado sesión correctamente.
2025-06-01 19:44:14,894 - WARNING - Usuario 'EJEMPLO1111' eliminado del sistema.
2025-06-01 19:44:14,895 - INFO - Cliente desconectado.
2025-06-01 19:44:22,219 - INFO - Servidor TLS iniciado y esperando conexiones...
2025-06-01 19:44:24,764 - INFO - Cliente ha salido del sistema voluntariamente.
2025-06-13 18:31:25,454 - INFO - Servidor TLS iniciado y esperando conexiones...
2025-06-13 19:04:55,037 - INFO - Cliente ha salido del sistema voluntariamente.
2025-06-13 22:42:59,958 - INFO - Servidor TLS iniciado y esperando conexiones...
2025-06-13 22:43:08,799 - WARNING - Contraseña inválida durante registro para usuario 'Lara'
2025-06-13 22:44:01,484 - WARNING - Intento de login para usuario inexistente 'LaraTC'
2025-06-13 22:44:26,831 - INFO - Usuario 'LARATC' registrado exitosamente.
2025-06-13 22:45:09,893 - INFO - Usuario 'LARATC' ha iniciado sesión correctamente.
2025-06-13 22:46:35,934 - INFO - Contraseña válida. Actualizando...
2025-06-13 22:46:35,935 - INFO - Contraseña actualizada correctamente para 'LARATC'
2025-06-13 22:46:45,501 - WARNING - Usuario 'LARATC' eliminado del sistema.
2025-06-13 22:46:45,509 - INFO - Cliente desconectado.
2025-06-17 13:20:11,695 - INFO - Servidor TLS iniciado y esperando conexiones...
2025-06-17 13:20:24,819 - WARNING - Contraseña inválida durante registro para usuario 'LaraTorresConsul'
2025-06-17 13:20:26,038 - INFO - Cliente ha salido del sistema voluntariamente.
2025-06-17 13:36:10,055 - INFO - Servidor TLS iniciado y esperando conexiones...
2025-06-17 13:36:21,235 - INFO - Cliente desconectado.
2025-06-17 13:37:54,421 - INFO - Servidor TLS iniciado y esperando conexiones...
2025-06-17 13:38:11,097 - INFO - Usuario 'Laratorres111' registrado exitosamente.
2025-06-17 13:41:18,454 - INFO - Usuario 'Laratorres111' ha iniciado sesión correctamente.
2025-06-17 13:42:11,272 - INFO - Cliente ha salido del sistema voluntariamente.
2025-06-20 00:38:01,604 - INFO - Servidor TLS iniciado y esperando conexiones...
2025-06-20 00:38:30,173 - INFO - Cliente ha salido del sistema voluntariamente.
2025-06-20 19:18:15,296 - INFO - Servidor TLS iniciado y esperando conexiones...
2025-06-20 19:18:17,569 - INFO - Cliente ha salido del sistema voluntariamente.
2025-06-20 19:29:02,900 - INFO - Servidor TLS iniciado y esperando conexiones...
2025-06-20 19:29:20,128 - INFO - Usuario 'Ejemplo123' registrado exitosamente.
2025-06-20 19:31:55,709 - INFO - Cliente ha salido del sistema voluntariamente.
2025-06-20 19:31:59,805 - INFO - Servidor TLS iniciado y esperando conexiones...
2025-06-20 19:32:10,598 - WARNING - Contraseña inválida durante registro para usuario '1'
2025-06-20 19:33:14,808 - WARNING - Contraseña inválida durante registro para usuario 'Ejemplo345'
2025-06-20 19:33:59,546 - WARNING - Contraseña inválida durante registro para usuario 'Ejemplo345'
2025-06-20 20:25:16,529 - INFO - Cliente ha salido del sistema voluntariamente.
2025-06-20 20:30:53,029 - INFO - Servidor TLS iniciado y esperando conexiones...
2025-06-20 20:32:06,420 - INFO - Usuario 'Ejemplo1234' registrado exitosamente.
2025-06-20 21:15:54,829 - INFO - Cliente ha salido del sistema voluntariamente.
2025-06-20 21:15:58,543 - INFO - Servidor TLS iniciado y esperando conexiones...
2025-06-20 21:16:27,070 - WARNING - Contraseña inválida durante registro para usuario 'Ejemplo456'
2025-06-20 21:20:10,672 - INFO - Cliente ha salido del sistema voluntariamente.
2025-06-20 21:29:01,347 - INFO - Servidor TLS iniciado y esperando conexiones...
2025-06-20 21:29:14,932 - INFO - Cliente ha salido del sistema voluntariamente.
2025-06-20 21:31:22,876 - INFO - Servidor TLS iniciado y esperando conexiones...
2025-06-20 21:37:32,521 - INFO - Usuario 'Ejemplo123*' registrado exitosamente.
2025-06-20 21:37:40,332 - INFO - Cliente ha salido del sistema voluntariamente.
2025-06-20 21:37:50,768 - INFO - Servidor TLS iniciado y esperando conexiones...
2025-06-20 21:38:03,998 - WARNING - Contraseña inválida durante registro para usuario '3'
2025-06-20 21:38:05,223 - INFO - Cliente ha salido del sistema voluntariamente.
2025-06-20 21:47:22,941 - INFO - Servidor TLS iniciado y esperando conexiones...
2025-06-20 21:47:42,859 - WARNING - Contraseña inválida durante registro para usuario 'Ejemplo1111'
2025-06-20 21:48:30,487 - WARNING - Contraseña inválida durante registro para usuario 'Ejemplo1111'
2025-06-20 21:52:38,820 - INFO - Usuario 'Ejemplo123' ha iniciado sesión correctamente.
2025-06-20 21:56:35,893 - INFO - Cliente ha salido del sistema voluntariamente.
2025-06-20 21:56:52,849 - INFO - Servidor TLS iniciado y esperando conexiones...
2025-06-20 21:57:05,000 - WARNING - Contraseña inválida durante registro para usuario 'LaraTorres123'
2025-06-20 21:59:16,877 - INFO - Cliente ha salido del sistema voluntariamente.
2025-06-20 21:59:33,242 - INFO - Servidor TLS iniciado y esperando conexiones...
2025-06-20 21:59:46,663 - WARNING - Contraseña inválida durante registro para usuario 'HOLACARACOLA123'
2025-06-20 22:04:40,864 - INFO - Cliente ha salido del sistema voluntariamente.
2025-06-20 22:05:09,895 - INFO - Servidor TLS iniciado y esperando conexiones...
2025-06-20 22:05:13,727 - INFO - Cliente ha salido del sistema voluntariamente.
2025-06-20 22:06:46,923 - INFO - Servidor TLS iniciado y esperando conexiones...
2025-06-20 22:07:00,451 - WARNING - Contraseña inválida durante registro para usuario 'Laratc123'
2025-06-20 22:07:33,189 - WARNING - Contraseña inválida durante registro para usuario 'Ejemplo111'
2025-06-20 22:31:16,445 - INFO - Cliente ha salido del sistema voluntariamente.
2025-06-20 22:34:16,062 - INFO - Servidor TLS iniciado y esperando conexiones...
2025-06-20 22:34:32,430 - WARNING - Contraseña inválida durante registro para usuario 'Usuario123'
2025-06-20 22:34:45,783 - WARNING - Contraseña inválida durante registro para usuario 'Usuario123'
2025-06-20 22:38:37,406 - INFO - Cliente ha salido del sistema voluntariamente.
2025-06-20 22:39:29,866 - INFO - Servidor TLS iniciado y esperando conexiones...
2025-06-20 22:39:32,087 - INFO - Cliente ha salido del sistema voluntariamente.
2025-06-20 22:40:10,686 - INFO - Servidor TLS iniciado y esperando conexiones...
2025-06-20 22:40:29,760 - WARNING - Contraseña inválida durante registro para usuario 'Ejemplo12345'
2025-06-21 00:05:11,170 - INFO - Cliente ha salido del sistema voluntariamente.
2025-06-21 00:05:55,524 - INFO - Servidor TLS iniciado y esperando conexiones...
2025-06-21 00:06:09,588 - INFO - Usuario 'Natalia123' registrado exitosamente.
2025-06-21 00:06:27,766 - INFO - Usuario 'Natalia123' ha iniciado sesión correctamente.
2025-06-21 00:06:57,928 - INFO - Contraseña válida. Actualizando...
2025-06-21 00:06:57,929 - INFO - Contraseña actualizada correctamente para 'Natalia123'
2025-06-21 00:07:11,962 - INFO - Cliente ha salido del sistema voluntariamente.
2025-06-21 00:07:18,793 - INFO - Servidor TLS iniciado y esperando conexiones...
2025-06-21 00:07:41,120 - INFO - Usuario 'Usuario1' registrado exitosamente.
2025-06-21 00:07:45,680 - INFO - Cliente ha salido del sistema voluntariamente.
2025-06-21 00:07:52,497 - INFO - Servidor TLS iniciado y esperando conexiones...
2025-06-21 00:08:01,927 - WARNING - Contraseña inválida durante registro para usuario 'Ejemplo222'
2025-06-21 00:21:44,777 - INFO - Cliente ha salido del sistema voluntariamente.
2025-06-21 00:21:57,450 - INFO - Servidor TLS iniciado y esperando conexiones...
2025-06-21 00:22:12,975 - INFO - Usuario 'Usuario333' registrado exitosamente.
2025-06-21 00:22:15,715 - INFO - Cliente ha salido del sistema voluntariamente.
2025-06-21 00:22:19,274 - INFO - Servidor TLS iniciado y esperando conexiones...
2025-06-21 00:22:31,188 - WARNING - Contraseña inválida durante registro para usuario 'Usuario10'
2025-06-21 00:27:53,401 - INFO - Cliente ha salido del sistema voluntariamente.
2025-06-21 00:29:09,770 - INFO - Servidor TLS iniciado y esperando conexiones...
2025-06-21 00:31:18,071 - INFO - Cliente ha salido del sistema voluntariamente.
2025-06-21 00:31:33,871 - INFO - Servidor TLS iniciado y esperando conexiones...
2025-06-21 00:32:15,399 - INFO - Usuario 'HOLAHOLA123' registrado exitosamente.
2025-06-21 00:32:18,618 - INFO - Cliente ha salido del sistema voluntariamente.
2025-06-21 00:32:23,737 - INFO - Servidor TLS iniciado y esperando conexiones...
2025-06-21 00:32:31,795 - INFO - Cliente ha salido del sistema voluntariamente.
2025-06-21 00:33:41,902 - INFO - Servidor TLS iniciado y esperando conexiones...
2025-06-21 00:36:12,617 - INFO - Cliente ha salido del sistema voluntariamente.
2025-06-21 00:37:48,122 - INFO - Servidor TLS iniciado y esperando conexiones...
2025-06-21 00:44:16,085 - INFO - Cliente ha salido del sistema voluntariamente.
2025-06-21 00:44:19,028 - INFO - Servidor TLS iniciado y esperando conexiones...
2025-06-21 00:44:26,882 - WARNING - Intento de login para usuario inexistente 'Ejemplo111'
2025-06-21 00:45:03,742 - WARNING - Intento de login para usuario inexistente 'Ejemplo234'
2025-06-21 00:45:13,942 - INFO - Usuario 'Ejemplo234' registrado exitosamente.
2025-06-21 00:45:24,816 - INFO - Usuario 'Ejemplo234' ha iniciado sesión correctamente.
2025-06-21 00:46:24,880 - INFO - Usuario 'Ejemplo234' ha iniciado sesión correctamente.
2025-06-21 00:50:21,443 - WARNING - Contraseña inválida durante registro para usuario 'Ejemplo345'
2025-06-21 00:52:27,913 - WARNING - Intento de login para usuario inexistente 'Ejemplo999'
2025-06-21 00:54:02,261 - WARNING - Intento de login bloqueado para usuario 'Ejemplo234'
2025-06-21 00:55:27,900 - INFO - Cliente ha salido del sistema voluntariamente.
2025-06-21 00:56:53,550 - INFO - Servidor TLS iniciado y esperando conexiones...
2025-06-21 00:57:01,740 - INFO - Usuario 'EJEMPLO123' registrado exitosamente.
2025-06-21 00:58:51,965 - INFO - Cliente ha salido del sistema voluntariamente.
2025-06-21 00:58:54,697 - INFO - Servidor TLS iniciado y esperando conexiones...
2025-06-21 01:04:48,891 - INFO - Usuario 'Ejemplo234' ha iniciado sesión correctamente.
2025-06-21 01:06:49,561 - INFO - Contraseña válida. Actualizando...
2025-06-21 01:06:49,561 - INFO - Contraseña actualizada correctamente para 'Ejemplo234'
2025-06-21 01:16:24,840 - INFO - Usuario 'Ejemplo234' ha iniciado sesión correctamente.
2025-06-21 01:24:31,593 - WARNING - Usuario 'Ejemplo234' eliminado del sistema.
2025-06-21 01:24:31,596 - INFO - Cliente desconectado.
2025-06-21 01:33:42,532 - INFO - Servidor TLS iniciado y esperando conexiones...
2025-06-21 01:33:43,876 - INFO - Cliente ha salido del sistema voluntariamente.
2025-06-21 08:25:17,657 - INFO - Servidor TLS iniciado y esperando conexiones...
2025-06-21 08:25:25,099 - INFO - Cliente ha salido del sistema voluntariamente.
2025-06-21 09:15:14,483 - INFO - Servidor TLS iniciado y esperando conexiones...
2025-06-21 09:45:39,435 - INFO - Cliente ha salido del sistema voluntariamente.
2025-06-21 10:26:34,508 - INFO - Servidor TLS iniciado y esperando conexiones...
2025-06-21 10:42:47,925 - WARNING - Contraseña inválida durante registro para usuario '3'
2025-06-21 10:42:49,970 - INFO - Cliente ha salido del sistema voluntariamente.
